Reading Definitions from BPMN File
Reading Root Elements from BPMN File
Reading Diagram from BPMN File
Resolve Associations...
Writing Definitions to Database
Writing Root Elements to Database
Writing Root Elements to Database
Writing Root Elements to Database
Writing Root Elements to Database
Writing Root Elements to Database
Writing Root Elements to Database
Writing Root Elements to Database
Writing Root Elements to Database
Writing Root Elements to Database
Writing Root Elements to Database
Writing Root Elements to Database
Writing Root Elements to Database
Writing Root Elements to Database
Writing Root Elements to Database
Writing Root Elements to Database
Writing Root Elements to Database
Writing Root Elements to Database
Writing Root Elements to Database
Writing Root Elements to Database
Writing Root Elements to Database
Writing Root Elements to Database
Writing Root Elements to Database
Writing Root Elements to Database
Writing Root Elements to Database
Writing Root Elements to Database
Writing Root Elements to Database
Writing Root Elements to Database
Writing Root Elements to Database
Writing Root Elements to Database
Writing Root Elements to Database
Writing Root Elements to Database
Writing Root Elements to Database
Writing Root Elements to Database
Writing Root Elements to Database
Writing Root Elements to Database
Writing Root Elements to Database
Writing Root Elements to Database
Writing Root Elements to Database
Writing Root Elements to Database
Writing Root Elements to Database
Writing Root Elements to Database
Writing Root Elements to Database
Writing Root Elements to Database
Writing Root Elements to Database
Writing Root Elements to Database
Writing Root Elements to Database
Writing Root Elements to Database
Writing Root Elements to Database
Writing Root Elements to Database
Writing Root Elements to Database
Writing Root Elements to Database
Writing Root Elements to Database
Writing Root Elements to Database
Writing Root Elements to Database
Writing Root Elements to Database
Writing Root Elements to Database
Writing Root Elements to Database
Writing Root Elements to Database
Writing Root Elements to Database
Writing Root Elements to Database
Writing Root Elements to Database
Writing Root Elements to Database
Writing Root Elements to Database
Writing Root Elements to Database
Writing Root Elements to Database
Writing Root Elements to Database
Writing Root Elements to Database
Writing Root Elements to Database
Writing Root Elements to Database
Writing Root Elements to Database
Writing Root Elements to Database
Writing Root Elements to Database
Writing Root Elements to Database
Writing Root Elements to Database
Writing Root Elements to Database
Creating Connectors
Writing Diagrams to Database
Writing BPSim to Database
Import Completed.
